:public is no longer used to avoid overloading Module#public, use :public_folder or :public_dir instead
	from /Users/isaacmabueno/death_star/Backbone_Project/app.rb:10:in `<top (required)>'
[2015-09-03 18:31:50] INFO  WEBrick 1.3.1
[2015-09-03 18:31:50] INFO  ruby 2.0.0 (2014-05-08) [universal.x86_64-darwin14]
[2015-09-03 18:31:50] WARN  TCPServer Error: Permission denied - bind(2)
/System/Library/Frameworks/Ruby.framework/Versions/2.0/usr/lib/ruby/2.0.0/webrick/utils.rb:85:in `initialize': Permission denied - bind(2) (Errno::EACCES)
	from /System/Library/Frameworks/Ruby.framework/Versions/2.0/usr/lib/ruby/2.0.0/webrick/utils.rb:85:in `new'
	from /System/Library/Frameworks/Ruby.framework/Versions/2.0/usr/lib/ruby/2.0.0/webrick/utils.rb:85:in `block in create_listeners'
	from /System/Library/Frameworks/Ruby.framework/Versions/2.0/usr/lib/ruby/2.0.0/webrick/utils.rb:82:in `each'
	from /System/Library/Frameworks/Ruby.framework/Versions/2.0/usr/lib/ruby/2.0.0/webrick/utils.rb:82:in `create_listeners'
	from /System/Library/Frameworks/Ruby.framework/Versions/2.0/usr/lib/ruby/2.0.0/webrick/server.rb:132:in `listen'
	from /System/Library/Frameworks/Ruby.framework/Versions/2.0/usr/lib/ruby/2.0.0/webrick/server.rb:113:in `initialize'
	from /System/Library/Frameworks/Ruby.framework/Versions/2.0/usr/lib/ruby/2.0.0/webrick/httpserver.rb:45:in `initialize'
	from /Library/Ruby/Gems/2.0.0/gems/rack-1.6.4/lib/rack/handler/webrick.rb:31:in `new'
	from /Library/Ruby/Gems/2.0.0/gems/rack-1.6.4/lib/rack/handler/webrick.rb:31:in `run'
	from /Library/Ruby/Gems/2.0.0/gems/rack-1.6.4/lib/rack/server.rb:286:in `start'
	from /Library/Ruby/Gems/2.0.0/gems/rack-1.6.4/lib/rack/server.rb:147:in `start'
	from /Library/Ruby/Gems/2.0.0/gems/rack-1.6.4/bin/rackup:4:in `<top (required)>'
	from /usr/bin/rackup:23:in `load'
	from /usr/bin/rackup:23:in `<main>'
